
 *** In  parser
 *** In  program_header
 --------In match expected:  257, found:  257
 --------In match expected:  258, found:  258
 --------In match expected:   40, found:   40
 --------In match expected:  259, found:  259
 --------In match expected:   44, found:   44
 --------In match expected:  260, found:  260
 --------In match expected:   41, found:   41
 --------In match expected:   59, found:   59
 *** Out program_header
 *** In  var_part
 --------In match expected:  261, found:  261
 *** In  var_dec_list
 *** In  var_dec
 *** In  id_list
 --------In match expected:  258, found:  258
 --------In match expected:   44, found:   44
 *** In  id_list
 --------In match expected:  258, found:  258
 --------In match expected:   44, found:   44
 *** In  id_list
 --------In match expected:  258, found:  258
 *** Out id_list
 *** Out id_list
 *** Out id_list
 --------In match expected:   58, found:   58
 *** In  type
 --------In match expected:  262, found:  262
 *** Out type
 --------In match expected:   59, found:   59
 *** Out var_dec
 *** Out var_dec_list
 *** Out var_part
 *** In  stat_part
 --------In match expected:  267, found:  267
 *** In  stat_list
 *** In  stat
 *** In  assign_stat
 --------In match expected:  258, found:  258
 --------In match expected:  264, found:  264
 *** In  expr
 *** In  term
 *** In  factor
 *** In  operand
 --------In match expected:  258, found:  258
 *** Out operand
 *** Out factor
 *** Out term
 --------In match expected:   43, found:   43
 *** In  term
 *** In  factor
 *** In  operand
 --------In match expected:  258, found:  258
 *** Out operand
 *** Out factor
 --------In match expected:   42, found:   42
 *** In  factor
 *** In  operand
 --------In match expected:  266, found:  266
 *** Out operand
 *** Out factor
 *** Out term
 *** Out expr
 *** Out assign_stat
 *** Out stat
 *** Out stat_list
 --------In match expected:  268, found:  268
 *** Out stat_part
 *** Out parser 
 Parse Successful! 
